github.com/yleoer/go-demo github.com/PaulXu-cn/go-mod-graph-chart@v0.5.0
github.com/yleoer/go-demo github.com/ewohltman/graphdot@v0.1.1
github.com/yleoer/go-demo github.com/fogleman/gg@v1.3.0
github.com/yleoer/go-demo github.com/goccy/go-graphviz@v0.0.9
github.com/yleoer/go-demo github.com/golang/freetype@v0.0.0-20170609003504-e2365dfdc4a0
github.com/yleoer/go-demo github.com/ofabry/go-callvis@v0.6.1
github.com/yleoer/go-demo github.com/pkg/browser@v0.0.0-20210911075715-681adbf594b8
github.com/yleoer/go-demo github.com/pkg/errors@v0.9.1
github.com/yleoer/go-demo github.com/yqylovy/goimportdot@v0.0.0-20170519021755-eb181a7eeabe
github.com/yleoer/go-demo golang.org/x/image@v0.0.0-20211028202545-6944b10bf410
github.com/yleoer/go-demo golang.org/x/mod@v0.5.1
github.com/yleoer/go-demo golang.org/x/sys@v0.0.0-20211111213525-f221eed1c01e
github.com/yleoer/go-demo golang.org/x/tools@v0.1.7
github.com/yleoer/go-demo golang.org/x/xerrors@v0.0.0-20200804184101-5ec99f83aff1
github.com/goccy/go-graphviz@v0.0.9 github.com/corona10/goimagehash@v1.0.2
github.com/goccy/go-graphviz@v0.0.9 github.com/fogleman/gg@v1.3.0
github.com/goccy/go-graphviz@v0.0.9 github.com/golang/freetype@v0.0.0-20170609003504-e2365dfdc4a0
github.com/goccy/go-graphviz@v0.0.9 github.com/jessevdk/go-flags@v1.4.0
github.com/goccy/go-graphviz@v0.0.9 github.com/pkg/errors@v0.9.1
github.com/goccy/go-graphviz@v0.0.9 golang.org/x/crypto@v0.0.0-20200204104054-c9f3fb736b72
github.com/goccy/go-graphviz@v0.0.9 golang.org/x/image@v0.0.0-20200119044424-58c23975cae1
github.com/ofabry/go-callvis@v0.6.1 github.com/goccy/go-graphviz@v0.0.6
github.com/ofabry/go-callvis@v0.6.1 github.com/pkg/browser@v0.0.0-20180916011732-0a3d74bf9ce4
github.com/ofabry/go-callvis@v0.6.1 golang.org/x/tools@v0.0.0-20200305224536-de023d59a5d1
github.com/pkg/browser@v0.0.0-20210911075715-681adbf594b8 golang.org/x/sys@v0.0.0-20210616045830-e2b7044e8c71
golang.org/x/image@v0.0.0-20211028202545-6944b10bf410 golang.org/x/text@v0.3.6
golang.org/x/mod@v0.5.1 golang.org/x/crypto@v0.0.0-20191011191535-87dc89f01550
golang.org/x/mod@v0.5.1 golang.org/x/tools@v0.0.0-20191119224855-298f0cb1881e
golang.org/x/mod@v0.5.1 golang.org/x/xerrors@v0.0.0-20191011141410-1b5146add898
golang.org/x/tools@v0.1.7 github.com/yuin/goldmark@v1.4.0
golang.org/x/tools@v0.1.7 golang.org/x/mod@v0.4.2
golang.org/x/tools@v0.1.7 golang.org/x/net@v0.0.0-20210805182204-aaa1db679c0d
golang.org/x/tools@v0.1.7 golang.org/x/sync@v0.0.0-20210220032951-036812b2e83c
golang.org/x/tools@v0.1.7 golang.org/x/sys@v0.0.0-20210809222454-d867a43fc93e
golang.org/x/tools@v0.1.7 golang.org/x/text@v0.3.6
golang.org/x/tools@v0.1.7 golang.org/x/xerrors@v0.0.0-20200804184101-5ec99f83aff1
github.com/corona10/goimagehash@v1.0.2 github.com/nfnt/resize@v0.0.0-20160724205520-891127d8d1b5
golang.org/x/crypto@v0.0.0-20200204104054-c9f3fb736b72 golang.org/x/net@v0.0.0-20190404232315-eb5bcb51f2a3
golang.org/x/crypto@v0.0.0-20200204104054-c9f3fb736b72 golang.org/x/sys@v0.0.0-20190412213103-97732733099d
golang.org/x/image@v0.0.0-20200119044424-58c23975cae1 golang.org/x/text@v0.3.0
github.com/goccy/go-graphviz@v0.0.6 github.com/corona10/goimagehash@v1.0.2
github.com/goccy/go-graphviz@v0.0.6 github.com/fogleman/gg@v1.3.0
github.com/goccy/go-graphviz@v0.0.6 github.com/golang/freetype@v0.0.0-20170609003504-e2365dfdc4a0
github.com/goccy/go-graphviz@v0.0.6 github.com/jessevdk/go-flags@v1.4.0
github.com/goccy/go-graphviz@v0.0.6 github.com/pkg/errors@v0.9.1
github.com/goccy/go-graphviz@v0.0.6 golang.org/x/crypto@v0.0.0-20200204104054-c9f3fb736b72
github.com/goccy/go-graphviz@v0.0.6 golang.org/x/image@v0.0.0-20200119044424-58c23975cae1
golang.org/x/tools@v0.0.0-20200305224536-de023d59a5d1 golang.org/x/mod@v0.2.0
golang.org/x/tools@v0.0.0-20200305224536-de023d59a5d1 golang.org/x/net@v0.0.0-20200226121028-0de0cce0169b
golang.org/x/tools@v0.0.0-20200305224536-de023d59a5d1 golang.org/x/sync@v0.0.0-20190911185100-cd5d95a43a6e
golang.org/x/tools@v0.0.0-20200305224536-de023d59a5d1 golang.org/x/xerrors@v0.0.0-20191204190536-9bdfabe68543
golang.org/x/text@v0.3.6 golang.org/x/tools@v0.0.0-20180917221912-90fa682c2a6e
golang.org/x/crypto@v0.0.0-20191011191535-87dc89f01550 golang.org/x/net@v0.0.0-20190404232315-eb5bcb51f2a3
golang.org/x/crypto@v0.0.0-20191011191535-87dc89f01550 golang.org/x/sys@v0.0.0-20190412213103-97732733099d
golang.org/x/tools@v0.0.0-20191119224855-298f0cb1881e golang.org/x/net@v0.0.0-20190620200207-3b0461eec859
golang.org/x/tools@v0.0.0-20191119224855-298f0cb1881e golang.org/x/sync@v0.0.0-20190423024810-112230192c58
golang.org/x/tools@v0.0.0-20191119224855-298f0cb1881e golang.org/x/xerrors@v0.0.0-20190717185122-a985d3407aa7
golang.org/x/net@v0.0.0-20190404232315-eb5bcb51f2a3 golang.org/x/crypto@v0.0.0-20190308221718-c2843e01d9a2
golang.org/x/net@v0.0.0-20190404232315-eb5bcb51f2a3 golang.org/x/text@v0.3.0
golang.org/x/mod@v0.2.0 golang.org/x/crypto@v0.0.0-20191011191535-87dc89f01550
golang.org/x/mod@v0.2.0 golang.org/x/tools@v0.0.0-20191119224855-298f0cb1881e
golang.org/x/mod@v0.2.0 golang.org/x/xerrors@v0.0.0-20191011141410-1b5146add898
golang.org/x/net@v0.0.0-20200226121028-0de0cce0169b golang.org/x/crypto@v0.0.0-20190308221718-c2843e01d9a2
golang.org/x/net@v0.0.0-20200226121028-0de0cce0169b golang.org/x/sys@v0.0.0-20190215142949-d0b11bdaac8a
golang.org/x/net@v0.0.0-20200226121028-0de0cce0169b golang.org/x/text@v0.3.0
golang.org/x/net@v0.0.0-20190620200207-3b0461eec859 golang.org/x/crypto@v0.0.0-20190308221718-c2843e01d9a2
golang.org/x/net@v0.0.0-20190620200207-3b0461eec859 golang.org/x/sys@v0.0.0-20190215142949-d0b11bdaac8a
golang.org/x/net@v0.0.0-20190620200207-3b0461eec859 golang.org/x/text@v0.3.0
golang.org/x/crypto@v0.0.0-20190308221718-c2843e01d9a2 golang.org/x/sys@v0.0.0-20190215142949-d0b11bdaac8a
